[t.commonsupport.xyz/bebio/index.html]
[backblue.gif]
[fade.gif]
[index.html]
[t.commonsupport.xyz/bebio/css/bootstrap.css]
[t.commonsupport.xyz/bebio/plugins/revolution/css/settings.css]
[t.commonsupport.xyz/bebio/plugins/revolution/css/layers.css]
[t.commonsupport.xyz/bebio/plugins/revolution/css/navigation.css]
[t.commonsupport.xyz/bebio/css/style.css]
[t.commonsupport.xyz/bebio/css/responsive.css]
[t.commonsupport.xyz/bebio/images/favicon.png]
[t.commonsupport.xyz/bebio/contact.html]
[t.commonsupport.xyz/bebio/index-2.html]
[t.commonsupport.xyz/bebio/images/logo.png]
[t.commonsupport.xyz/bebio/index-3.html]
[t.commonsupport.xyz/bebio/about.html]
[t.commonsupport.xyz/bebio/events.html]
[t.commonsupport.xyz/bebio/event-detail.html]
[t.commonsupport.xyz/bebio/programs.html]
[t.commonsupport.xyz/bebio/numbers-matching.html]
[t.commonsupport.xyz/bebio/paper-plates-art.html]
[t.commonsupport.xyz/bebio/create-cartoon-egg.html]
[t.commonsupport.xyz/bebio/cooking-fun-cake.html]
[t.commonsupport.xyz/bebio/super-colors-game.html]
[t.commonsupport.xyz/bebio/learning-disciplines.html]
[t.commonsupport.xyz/bebio/gallery.html]
[t.commonsupport.xyz/bebio/news.html]
[t.commonsupport.xyz/bebio/news-single.html]
[t.commonsupport.xyz/bebio/images/main-slider/4.jpg]
[t.commonsupport.xyz/bebio/images/resource/about-img-1.jpg]
[t.commonsupport.xyz/bebio/images/resource/about-img-2.jpg]
[t.commonsupport.xyz/bebio/images/resource/program-1.jpg]
[t.commonsupport.xyz/bebio/images/resource/program-3.jpg]
[t.commonsupport.xyz/bebio/images/resource/event-1.jpg]
[t.commonsupport.xyz/bebio/images/resource/event-2.jpg]
[t.commonsupport.xyz/bebio/images/resource/event-3.jpg]
[t.commonsupport.xyz/bebio/images/resource/thumb-1.jpg]
[t.commonsupport.xyz/bebio/images/resource/thumb-2.jpg]
[t.commonsupport.xyz/bebio/images/resource/team-1.jpg]
[t.commonsupport.xyz/bebio/images/resource/team-3.jpg]
[t.commonsupport.xyz/bebio/images/icons/map-marker.png]
[t.commonsupport.xyz/bebio/images/resource/news-3.jpg]
[t.commonsupport.xyz/bebio/images/resource/news-5.jpg]
[t.commonsupport.xyz/bebio/images/clients/2.png]
[t.commonsupport.xyz/bebio/images/clients/3.png]
[t.commonsupport.xyz/bebio/images/clients/4.png]
[t.commonsupport.xyz/bebio/images/clients/5.png]
[t.commonsupport.xyz/bebio/images/footer-logo.png]
[t.commonsupport.xyz/bebio/js/jquery.js]
[t.commonsupport.xyz/bebio/js/popper.min.js]
[t.commonsupport.xyz/bebio/js/bootstrap.min.js]
[t.commonsupport.xyz/bebio/plugins/revolution/js/jquery.themepunch.revolution.min.js]
[t.commonsupport.xyz/bebio/plugins/revolution/js/jquery.themepunch.tools.min.js]
[t.commonsupport.xyz/bebio/plugins/revolution/js/extensions/revolution.extension.actions.min.js]
[t.commonsupport.xyz/bebio/plugins/revolution/js/extensions/revolution.extension.carousel.min.js]
[t.commonsupport.xyz/bebio/plugins/revolution/js/extensions/revolution.extension.kenburn.min.js]
[t.commonsupport.xyz/bebio/plugins/revolution/js/extensions/revolution.extension.layeranimation.min.js]
[t.commonsupport.xyz/bebio/plugins/revolution/js/extensions/revolution.extension.migration.min.js]
[t.commonsupport.xyz/bebio/plugins/revolution/js/extensions/revolution.extension.navigation.min.js]
[t.commonsupport.xyz/bebio/plugins/revolution/js/extensions/revolution.extension.parallax.min.js]
[t.commonsupport.xyz/bebio/plugins/revolution/js/extensions/revolution.extension.slideanims.min.js]
[t.commonsupport.xyz/bebio/plugins/revolution/js/extensions/revolution.extension.video.min.js]
[t.commonsupport.xyz/bebio/js/main-slider-script.js]
[t.commonsupport.xyz/bebio/js/jquery-ui.js]
[t.commonsupport.xyz/bebio/js/jquery.fancybox.js]
[t.commonsupport.xyz/bebio/js/owl.js]
[t.commonsupport.xyz/bebio/js/jquery.countdown.js]
[t.commonsupport.xyz/bebio/js/wow.js]
[t.commonsupport.xyz/bebio/js/appear.js]
[t.commonsupport.xyz/bebio/js/parallax.min.js]
[t.commonsupport.xyz/bebio/js/script.js]
[t.commonsupport.xyz/bebio/js/map-script.js]
[t.commonsupport.xyz/bebio/index.html]
[t.commonsupport.xyz/bebio/css/bootstrap.css]
[t.commonsupport.xyz/bebio/plugins/revolution/fonts/revicons/revicons90c6.eot]
[t.commonsupport.xyz/bebio/plugins/revolution/fonts/revicons/revicons90c6.ttf]
[t.commonsupport.xyz/bebio/plugins/revolution/fonts/revicons/revicons90c6.svg]
[t.commonsupport.xyz/bebio/plugins/revolution/css/openhand.cur]
[t.commonsupport.xyz/bebio/plugins/revolution/css/closedhand.cur]
[t.commonsupport.xyz/bebio/plugins/revolution/assets/gridtile.png]
[t.commonsupport.xyz/bebio/plugins/revolution/assets/gridtile_white.png]
[t.commonsupport.xyz/bebio/plugins/revolution/assets/gridtile_3x3.png]
[t.commonsupport.xyz/bebio/plugins/revolution/assets/gridtile_3x3_white.png]
[t.commonsupport.xyz/bebio/plugins/revolution/assets/coloredbg.png]
[t.commonsupport.xyz/bebio/plugins/revolution/assets/loader.gif]
[t.commonsupport.xyz/bebio/plugins/revolution/css/settings.css]
[t.commonsupport.xyz/bebio/plugins/revolution/css/layers.css]
[t.commonsupport.xyz/bebio/plugins/revolution/css/navigation.css]
[t.commonsupport.xyz/bebio/css/fontawesome-all.css]
[t.commonsupport.xyz/bebio/css/animate.css]
[t.commonsupport.xyz/bebio/css/flaticon.css]
[t.commonsupport.xyz/bebio/css/owl.css]
[t.commonsupport.xyz/bebio/css/jquery.touchspin.css]
[t.commonsupport.xyz/bebio/css/jquery-ui.css]
[t.commonsupport.xyz/bebio/css/jquery.fancybox.min.css]
[t.commonsupport.xyz/bebio/images/icons/preloader.svg]
[t.commonsupport.xyz/bebio/images/icons/curve.png]
[t.commonsupport.xyz/bebio/images/icons/icon-arrow.png]
[t.commonsupport.xyz/bebio/images/icons/logo-curve.png]
[t.commonsupport.xyz/bebio/images/icons/line-1.png]
[t.commonsupport.xyz/bebio/images/icons/line-2.png]
[t.commonsupport.xyz/bebio/images/icons/line-3.png]
[t.commonsupport.xyz/bebio/images/icons/icon-star.png]
[t.commonsupport.xyz/bebio/images/icons/icon-sun.png]
[t.commonsupport.xyz/bebio/images/icons/icon-rainbow.png]
[t.commonsupport.xyz/bebio/images/icons/icon-sun-2.png]
[t.commonsupport.xyz/bebio/images/icons/icon-star-4.png]
[t.commonsupport.xyz/bebio/images/icons/icon-idea.png]
[t.commonsupport.xyz/bebio/images/icons/icon-pencil.png]
[t.commonsupport.xyz/bebio/images/icons/stick-star.png]
[t.commonsupport.xyz/bebio/images/icons/icon-balloon.png]
[t.commonsupport.xyz/bebio/images/icons/icon-cloud.png]
[t.commonsupport.xyz/bebio/images/icons/icon-star-2.png]
[t.commonsupport.xyz/bebio/images/icons/icon-paper-plane.png]
[t.commonsupport.xyz/bebio/images/icons/icon-rainbow-3.png]
[t.commonsupport.xyz/bebio/images/icons/icon-star-5.png]
[t.commonsupport.xyz/bebio/images/icons/icon-plane-2.png]
[t.commonsupport.xyz/bebio/images/icons/pattern.png]
[t.commonsupport.xyz/bebio/images/icons/line-4.png]
[t.commonsupport.xyz/bebio/images/icons/icon-sparrow-2.png]
[t.commonsupport.xyz/bebio/images/icons/icon-balloon-2.png]
[t.commonsupport.xyz/bebio/images/icons/icon-butterfly.png]
[t.commonsupport.xyz/bebio/images/icons/icon-cloud-2.png]
[t.commonsupport.xyz/bebio/images/icons/icon-cloud-3.png]
[t.commonsupport.xyz/bebio/images/icons/icon-star-7.png]
[t.commonsupport.xyz/bebio/images/icons/curve-shape-1.png]
[t.commonsupport.xyz/bebio/images/icons/curve-shape-2.png]
[t.commonsupport.xyz/bebio/images/icons/icon-balloon-3.png]
[t.commonsupport.xyz/bebio/images/icons/icon-star-6.png]
[t.commonsupport.xyz/bebio/images/icons/icon-balloon-4.png]
[t.commonsupport.xyz/bebio/images/icons/icon-ball.png]
[t.commonsupport.xyz/bebio/images/icons/icon-idea-2.png]
[t.commonsupport.xyz/bebio/images/icons/icon-sparrow.png]
[t.commonsupport.xyz/bebio/images/icons/icon-rainbow-2.png]
[t.commonsupport.xyz/bebio/images/icons/icon-star-3.png]
[t.commonsupport.xyz/bebio/images/icons/icon-plane.png]
[t.commonsupport.xyz/bebio/css/style.css]
[t.commonsupport.xyz/bebio/css/responsive.css]
[t.commonsupport.xyz/bebio/images/background/1.jpg]
[t.commonsupport.xyz/bebio/js/validate.js]
[t.commonsupport.xyz/bebio/contact.html]
[t.commonsupport.xyz/bebio/index-2.html]
[t.commonsupport.xyz/bebio/images/main-slider/1.jpg]
[t.commonsupport.xyz/bebio/images/main-slider/2.jpg]
[t.commonsupport.xyz/bebio/images/resource/image-2.jpg]
[t.commonsupport.xyz/bebio/images/resource/news-1.jpg]
[t.commonsupport.xyz/bebio/images/resource/news-2.jpg]
[t.commonsupport.xyz/bebio/images/gallery/1.jpg]
[t.commonsupport.xyz/bebio/images/gallery/2.jpg]
[t.commonsupport.xyz/bebio/images/gallery/3.jpg]
[t.commonsupport.xyz/bebio/images/gallery/4.jpg]
[t.commonsupport.xyz/bebio/images/gallery/5.jpg]
[t.commonsupport.xyz/bebio/index-3.html]
[t.commonsupport.xyz/bebio/images/resource/about-img-3.jpg]
[t.commonsupport.xyz/bebio/images/resource/about-img-4.jpg]
[t.commonsupport.xyz/bebio/images/resource/image-3.jpg]
[t.commonsupport.xyz/bebio/about.html]
[t.commonsupport.xyz/bebio/images/resource/event-5.jpg]
[t.commonsupport.xyz/bebio/images/resource/mission-1.jpg]
[t.commonsupport.xyz/bebio/images/resource/mission-2.jpg]
[t.commonsupport.xyz/bebio/images/resource/mission-3.jpg]
[t.commonsupport.xyz/bebio/events.html]
[t.commonsupport.xyz/bebio/images/resource/event-detail.jpg]
[t.commonsupport.xyz/bebio/images/resource/author-img.jpg]
[t.commonsupport.xyz/bebio/images/resource/up-event-3.jpg]
[t.commonsupport.xyz/bebio/event-detail.html]
[t.commonsupport.xyz/bebio/images/resource/program-4.jpg]
[t.commonsupport.xyz/bebio/images/resource/program-5.jpg]
[t.commonsupport.xyz/bebio/images/resource/video-img.jpg]
[t.commonsupport.xyz/bebio/programs.html]
[t.commonsupport.xyz/bebio/images/resource/program-detail.jpg]
[t.commonsupport.xyz/bebio/numbers-matching.html]
[t.commonsupport.xyz/bebio/paper-plates-art.html]
[t.commonsupport.xyz/bebio/create-cartoon-egg.html]
[t.commonsupport.xyz/bebio/cooking-fun-cake.html]
[t.commonsupport.xyz/bebio/super-colors-game.html]
[t.commonsupport.xyz/bebio/learning-disciplines.html]
[t.commonsupport.xyz/bebio/images/gallery/2-1.jpg]
[t.commonsupport.xyz/bebio/images/gallery/2-2.jpg]
[t.commonsupport.xyz/bebio/images/gallery/2-3.jpg]
[t.commonsupport.xyz/bebio/images/gallery/2-4.jpg]
[t.commonsupport.xyz/bebio/images/gallery/2-5.jpg]
[t.commonsupport.xyz/bebio/images/gallery/2-6.jpg]
[t.commonsupport.xyz/bebio/images/gallery/2-7.jpg]
[t.commonsupport.xyz/bebio/images/gallery/2-8.jpg]
[t.commonsupport.xyz/bebio/images/gallery/2-9.jpg]
[t.commonsupport.xyz/bebio/gallery.html]
[t.commonsupport.xyz/bebio/images/resource/news-6.jpg]
[t.commonsupport.xyz/bebio/images/resource/news-7.jpg]
[t.commonsupport.xyz/bebio/images/resource/news-8.jpg]
[t.commonsupport.xyz/bebio/images/resource/news-9.jpg]
[t.commonsupport.xyz/bebio/news.html]
[t.commonsupport.xyz/bebio/images/resource/single-news.jpg]
[t.commonsupport.xyz/bebio/images/resource/author-2.jpg]
[t.commonsupport.xyz/bebio/images/resource/author-3.jpg]
[t.commonsupport.xyz/bebio/images/resource/post-thumb-1.jpg]
[t.commonsupport.xyz/bebio/images/resource/post-thumb-2.jpg]
[t.commonsupport.xyz/bebio/news-single.html]
[t.commonsupport.xyz/bebio/images/main-slider/3.jpg]
[t.commonsupport.xyz/bebio/images/resource/team-2.jpg]
[t.commonsupport.xyz/bebio/images/resource/team-4.jpg]
[t.commonsupport.xyz/bebio/images/clients/1.png]
[t.commonsupport.xyz/bebio/js/jquery.js]
[t.commonsupport.xyz/bebio/js/popper.min.js]
[t.commonsupport.xyz/bebio/popper.js]
[t.commonsupport.xyz/bebio/js/bootstrap.min.js]
[t.commonsupport.xyz/bebio/themepunch.revolution.min.js]
[t.commonsupport.xyz/bebio/jquery.themepunch.revolution.min.js]
[t.commonsupport.xyz/bebio/jquery.themepunch.revolution.js]
[t.commonsupport.xyz/bebio/images/transparent.png]
[t.commonsupport.xyz/bebio/assets/transparent.png]
[t.commonsupport.xyz/bebio/plugins/revolution/js/jquery.themepunch.revolution.min.js]
[t.commonsupport.xyz/bebio/TweenLite.js]
[t.commonsupport.xyz/TweenLite.js]
[t.commonsupport.xyz/bebio/plugins/revolution/js/jquery.themepunch.tools.min.js]
[t.commonsupport.xyz/bebio/plugins/revolution/js/extensions/revolution.extension.actions.min.js]
[t.commonsupport.xyz/bebio/plugins/revolution/js/extensions/revolution.extension.carousel.min.js]
[t.commonsupport.xyz/bebio/plugins/revolution/js/extensions/revolution.extension.kenburn.min.js]
[t.commonsupport.xyz/bebio/plugins/revolution/js/extensions/revolution.extension.layeranimation.min.js]
[t.commonsupport.xyz/bebio/plugins/revolution/js/extensions/revolution.extension.migration.min.js]
[t.commonsupport.xyz/bebio/plugins/revolution/js/extensions/revolution.extension.navigation.min.js]
[t.commonsupport.xyz/bebio/plugins/revolution/js/extensions/revolution.extension.parallax.min.js]
[t.commonsupport.xyz/bebio/plugins/revolution/js/extensions/revolution.extension.slideanims.min.js]
[t.commonsupport.xyz/bebio/Version/index.html]
[t.commonsupport.xyz/bebio/plugins/revolution/js/extensions/revolution.extension.video.min.js]
[t.commonsupport.xyz/bebio/js/main-slider-script.js]
[t.commonsupport.xyz/bebio/js/jquery-ui.js]
[t.commonsupport.xyz/bebio/js/jquery.fancybox.js]
[t.commonsupport.xyz/bebio/js/owl.js]
[t.commonsupport.xyz/bebio/js/jquery.countdown.js]
[t.commonsupport.xyz/bebio/js/wow.js]
[t.commonsupport.xyz/bebio/js/appear.js]
[t.commonsupport.xyz/bebio/js/parallax.min.js]
[t.commonsupport.xyz/bebio/js/script.js]
[t.commonsupport.xyz/bebio/js/map-script.js]
[t.commonsupport.xyz/bebio/plugins/revolution/fonts/revicons/revicons90c6.svg]
[t.commonsupport.xyz/bebio/plugins/revolution/fonts/revicons/revicons90c6.woff]
[t.commonsupport.xyz/bebio/fonts/fa-brands-400.eot]
[t.commonsupport.xyz/bebio/fonts/fa-brands-400.woff2]
[t.commonsupport.xyz/bebio/fonts/fa-brands-400d41d.eot]
[t.commonsupport.xyz/bebio/fonts/fa-brands-400.woff]
[t.commonsupport.xyz/bebio/fonts/fa-regular-400.eot]
[t.commonsupport.xyz/bebio/fonts/fa-brands-400.svg]
[t.commonsupport.xyz/bebio/fonts/fa-regular-400d41d.eot]
[t.commonsupport.xyz/bebio/fonts/fa-regular-400.woff2]
[t.commonsupport.xyz/bebio/fonts/fa-regular-400.woff]
[t.commonsupport.xyz/bebio/fonts/fa-regular-400.ttf]
[t.commonsupport.xyz/bebio/fonts/fa-regular-400.svg]
[t.commonsupport.xyz/bebio/fonts/fa-solid-900.eot]
[t.commonsupport.xyz/bebio/fonts/fa-solid-900.woff]
[t.commonsupport.xyz/bebio/fonts/fa-solid-900.ttf]
[t.commonsupport.xyz/bebio/css/fontawesome-all.css]
[t.commonsupport.xyz/bebio/css/animate.css]
[t.commonsupport.xyz/bebio/fonts/Flaticon.eot]
[t.commonsupport.xyz/bebio/fonts/Flaticon.woff2]
[t.commonsupport.xyz/bebio/fonts/Flaticon.woff]
[t.commonsupport.xyz/bebio/css/flaticon.css]
[t.commonsupport.xyz/bebio/css/owl.css]
[t.commonsupport.xyz/bebio/css/jquery.touchspin.css]
[t.commonsupport.xyz/bebio/css/images/ui-icons_444444_256x240.png]
[t.commonsupport.xyz/bebio/css/images/ui-icons_555555_256x240.png]
[t.commonsupport.xyz/bebio/fonts/Flaticon.svg]
[t.commonsupport.xyz/bebio/css/images/ui-icons_777620_256x240.png]
[t.commonsupport.xyz/bebio/css/images/ui-icons_cc0000_256x240.png]
[t.commonsupport.xyz/bebio/css/jquery-ui.css]
[t.commonsupport.xyz/bebio/css/jquery.fancybox.min.css]
[t.commonsupport.xyz/bebio/images/icons/preloader.svg]
[t.commonsupport.xyz/bebio/js/validate.js]
[t.commonsupport.xyz/bebio/images/resource/event-6.jpg]
[t.commonsupport.xyz/bebio/images/resource/image-1.jpg]
[t.commonsupport.xyz/bebio/images/resource/up-event-1.jpg]
[t.commonsupport.xyz/bebio/images/resource/up-event-2.jpg]
[t.commonsupport.xyz/bebio/images/resource/event-4.jpg]
[t.commonsupport.xyz/bebio/images/resource/news-4.jpg]
[t.commonsupport.xyz/bebio/popper.html]
[t.commonsupport.xyz/bebio/themepunch.revolution.min.html]
[t.commonsupport.xyz/bebio/jquery.themepunch.revolution.min.html]
[t.commonsupport.xyz/bebio/jquery.themepunch.revolution.html]
[t.commonsupport.xyz/bebio/images/transparent.html]
[t.commonsupport.xyz/bebio/assets/transparent.html]
[t.commonsupport.xyz/bebio/TweenLite.html]
[t.commonsupport.xyz/TweenLite.html]
[t.commonsupport.xyz/bebio/Version/index.html]
[t.commonsupport.xyz/bebio/fonts/fa-brands-400.svg]
[t.commonsupport.xyz/bebio/fonts/fa-regular-400.svg]
[t.commonsupport.xyz/bebio/fonts/fa-solid-900d41d.eot]
[t.commonsupport.xyz/bebio/fonts/fa-solid-900.svg]
[t.commonsupport.xyz/bebio/fonts/Flaticond41d.eot]
[t.commonsupport.xyz/bebio/fonts/Flaticon.ttf]
[t.commonsupport.xyz/bebio/fonts/Flaticon.svg]
[t.commonsupport.xyz/bebio/css/images/ui-icons_777620_256x240.html]
[t.commonsupport.xyz/bebio/css/images/ui-icons_cc0000_256x240.html]
[t.commonsupport.xyz/bebio/images/resource/program-2.jpg]
[t.commonsupport.xyz/bebio/images/resource/program-6.jpg]
[t.commonsupport.xyz/bebio/fonts/fa-brands-400.ttf]
[t.commonsupport.xyz/bebio/fonts/fa-solid-900.svg]
[t.commonsupport.xyz/bebio/fonts/fa-solid-900.woff2]
[t.commonsupport.xyz/bebio/css/owl.video.play.png]
[secure-a.vimeocdn.com/js/froogaloop2.min.html]
[t.commonsupport.xyz/bebio/css/owl.video.play.png]
